2023-04-23 15:52:41,511 - INFO - Arranque del sistema
2023-04-23 15:53:50,696 - INFO - Arranque del sistema
2023-04-23 15:53:51,784 - INFO - Arranque del sistema
2023-04-23 15:54:54,041 - INFO - Arranque del sistema
2023-04-23 15:55:01,443 - INFO - Arranque del sistema
2023-04-23 15:55:03,664 - INFO - Arranque del sistema
2023-04-23 15:55:05,829 - INFO - Arranque del sistema
2023-04-23 15:55:13,166 - INFO - Arranque del sistema
2023-04-23 15:55:29,885 - INFO - Arranque del sistema
2023-04-23 15:55:42,412 - INFO - Arranque del sistema
2023-04-23 15:55:49,794 - INFO - Arranque del sistema
2023-04-23 15:56:25,981 - INFO - Arranque del sistema
2023-04-23 15:56:38,572 - INFO - Arranque del sistema
2023-04-23 15:56:55,257 - INFO - Arranque del sistema
2023-04-23 15:57:11,990 - INFO - Arranque del sistema
2023-04-23 15:57:35,843 - INFO - Arranque del sistema
2023-04-23 15:57:41,179 - INFO - Arranque del sistema
2023-04-23 15:57:46,525 - INFO - Arranque del sistema
2023-04-23 15:57:57,087 - INFO - Arranque del sistema
2023-04-23 15:58:03,453 - INFO - Arranque del sistema
2023-04-23 15:58:07,575 - INFO - Se muestra el home
2023-04-23 15:58:07,575 - INFO - Se muestra el home
2023-04-23 15:58:55,312 - INFO - Arranque del sistema
2023-04-23 15:59:01,085 - INFO - Se muestra el dashboard: Mauricio
2023-04-23 15:59:01,085 - INFO - Se muestra el dashboard: Mauricio
2023-04-23 15:59:03,494 - INFO - Listado de materia prima para: Mauricio
2023-04-23 15:59:03,494 - INFO - Listado de materia prima para: Mauricio
2023-04-23 15:59:04,795 - INFO - Se muestran los productos activos: Mauricio
2023-04-23 15:59:04,795 - INFO - Se muestran los productos activos: Mauricio
2023-04-23 15:59:06,110 - INFO - Se muestran los proveedores activos: Mauricio
2023-04-23 15:59:06,110 - INFO - Se muestran los proveedores activos: Mauricio
2023-04-23 15:59:07,043 - INFO - Se muestran las ordenes de compra: Mauricio
2023-04-23 15:59:07,043 - INFO - Se muestran las ordenes de compra: Mauricio
2023-04-23 15:59:07,593 - INFO - Se muestran las recetas activas: Mauricio
2023-04-23 15:59:07,593 - INFO - Se muestran las recetas activas: Mauricio
2023-04-23 15:59:08,130 - INFO - Se muestra las ordenes de venta: Mauricio
2023-04-23 15:59:08,130 - INFO - Se muestra las ordenes de venta: Mauricio
2023-04-23 15:59:09,531 - INFO - Se muestran las recetas activas: Mauricio
2023-04-23 15:59:09,531 - INFO - Se muestran las recetas activas: Mauricio
2023-04-23 15:59:10,010 - INFO - Se muestran las ordenes de compra: Mauricio
2023-04-23 15:59:10,010 - INFO - Se muestran las ordenes de compra: Mauricio
2023-04-23 15:59:10,347 - INFO - Se muestran los proveedores activos: Mauricio
2023-04-23 15:59:10,347 - INFO - Se muestran los proveedores activos: Mauricio
2023-04-23 15:59:10,710 - INFO - Se muestran los productos activos: Mauricio
2023-04-23 15:59:10,710 - INFO - Se muestran los productos activos: Mauricio
2023-04-23 15:59:11,402 - INFO - Listado de materia prima para: Mauricio
2023-04-23 15:59:11,402 - INFO - Listado de materia prima para: Mauricio
2023-04-23 15:59:11,837 - INFO - Se muestra el dashboard: Mauricio
2023-04-23 15:59:11,837 - INFO - Se muestra el dashboard: Mauricio
2023-04-23 15:59:24,401 - INFO - Listado de materia prima para: Mauricio
2023-04-23 15:59:24,401 - INFO - Listado de materia prima para: Mauricio
2023-04-23 15:59:27,968 - INFO - Se muestran los productos activos: Mauricio
2023-04-23 15:59:27,968 - INFO - Se muestran los productos activos: Mauricio
2023-04-23 16:00:33,430 - INFO - Se muestran los proveedores activos: Mauricio
2023-04-23 16:00:33,430 - INFO - Se muestran los proveedores activos: Mauricio
2023-04-23 16:00:36,902 - INFO - Se muestran las recetas activas: Mauricio
2023-04-23 16:00:36,902 - INFO - Se muestran las recetas activas: Mauricio
2023-04-23 16:03:35,097 - INFO - Se muestran las recetas activas: Mauricio
2023-04-23 16:03:35,097 - INFO - Se muestran las recetas activas: Mauricio
2023-04-23 16:08:15,022 - INFO - Se muestran las recetas activas: Mauricio
2023-04-23 16:08:15,022 - INFO - Se muestran las recetas activas: Mauricio
2023-04-23 16:09:59,696 - INFO - Arranque del sistema
2023-04-23 16:20:25,038 - INFO - Se muestra el dashboard: Mauricio
2023-04-23 16:20:25,038 - INFO - Se muestra el dashboard: Mauricio
2023-04-23 16:20:28,302 - INFO - Se muestran las recetas activas: Mauricio
2023-04-23 16:20:28,302 - INFO - Se muestran las recetas activas: Mauricio
2023-04-23 16:21:16,357 - INFO - Se muestran las recetas activas: Mauricio
2023-04-23 16:21:16,357 - INFO - Se muestran las recetas activas: Mauricio
2023-04-23 16:22:14,037 - INFO - Se muestran las recetas activas: Mauricio
2023-04-23 16:22:14,037 - INFO - Se muestran las recetas activas: Mauricio
2023-04-23 16:22:24,004 - INFO - Se muestran las recetas activas: Mauricio
2023-04-23 16:22:24,004 - INFO - Se muestran las recetas activas: Mauricio
2023-04-23 16:25:18,901 - INFO - Se muestran las recetas activas: Mauricio
2023-04-23 16:25:18,901 - INFO - Se muestran las recetas activas: Mauricio
2023-04-23 16:27:33,817 - INFO - Arranque del sistema
2023-04-23 16:27:37,111 - INFO - Arranque del sistema
2023-04-23 16:28:07,159 - INFO - Arranque del sistema
2023-04-23 16:28:15,559 - INFO - Arranque del sistema
2023-04-23 16:28:19,859 - INFO - Arranque del sistema
2023-04-23 16:28:29,282 - INFO - Arranque del sistema
2023-04-23 16:29:36,792 - INFO - Se muestra el dashboard: Mauricio
2023-04-23 16:29:36,792 - INFO - Se muestra el dashboard: Mauricio
2023-04-23 16:29:41,111 - INFO - Se muestran las recetas activas: Mauricio
2023-04-23 16:29:41,111 - INFO - Se muestran las recetas activas: Mauricio
2023-04-23 16:30:24,569 - INFO - Se muestran las recetas activas: Mauricio
2023-04-23 16:30:24,569 - INFO - Se muestran las recetas activas: Mauricio
2023-04-23 16:34:32,200 - INFO - Se muestran las recetas activas: Mauricio
2023-04-23 16:34:32,200 - INFO - Se muestran las recetas activas: Mauricio
2023-04-23 16:34:33,098 - INFO - Se muestran las recetas activas: Mauricio
2023-04-23 16:34:33,098 - INFO - Se muestran las recetas activas: Mauricio
2023-04-23 16:35:23,245 - INFO - Se muestran las recetas activas: Mauricio
2023-04-23 16:35:23,245 - INFO - Se muestran las recetas activas: Mauricio
2023-04-23 16:37:00,658 - INFO - Arranque del sistema
2023-04-23 16:37:09,194 - INFO - Se muestra el dashboard: Mauricio
2023-04-23 16:37:09,194 - INFO - Se muestra el dashboard: Mauricio
2023-04-23 16:37:11,075 - INFO - Se muestran las recetas activas: Mauricio
2023-04-23 16:37:11,075 - INFO - Se muestran las recetas activas: Mauricio
2023-04-23 16:37:58,718 - INFO - Se muestran las recetas activas: Mauricio
2023-04-23 16:37:58,718 - INFO - Se muestran las recetas activas: Mauricio
2023-04-23 16:38:43,871 - INFO - Arranque del sistema
2023-04-23 16:38:48,058 - INFO - Arranque del sistema
2023-04-23 16:38:58,940 - INFO - Se muestra el dashboard: Mauricio
2023-04-23 16:38:58,940 - INFO - Se muestra el dashboard: Mauricio
2023-04-23 16:39:02,134 - INFO - Se muestran las recetas activas: Mauricio
2023-04-23 16:39:02,134 - INFO - Se muestran las recetas activas: Mauricio
2023-04-23 16:39:30,886 - INFO - Se modifica receta correctamente: Mauricio
2023-04-23 16:39:30,886 - INFO - Se modifica receta correctamente: Mauricio
2023-04-23 16:39:30,916 - INFO - Se muestran las recetas activas: Mauricio
2023-04-23 16:39:30,916 - INFO - Se muestran las recetas activas: Mauricio
2023-04-23 16:39:30,940 - INFO - Se muestran las recetas activas: Mauricio
2023-04-23 16:39:30,940 - INFO - Se muestran las recetas activas: Mauricio
2023-04-23 16:45:40,087 - INFO - Se muestran las ordenes de compra: Mauricio
2023-04-23 16:45:40,087 - INFO - Se muestran las ordenes de compra: Mauricio
2023-04-23 16:45:53,698 - INFO - Se muestra las ordenes de venta: Mauricio
2023-04-23 16:45:53,698 - INFO - Se muestra las ordenes de venta: Mauricio
2023-04-23 16:46:53,289 - INFO - Se modifica orden de venta correctamente: Mauricio
2023-04-23 16:46:53,289 - INFO - Se modifica orden de venta correctamente: Mauricio
2023-04-23 16:46:53,360 - INFO - Se muestra las ordenes de venta: Mauricio
2023-04-23 16:46:53,360 - INFO - Se muestra las ordenes de venta: Mauricio
2023-04-23 16:47:00,887 - INFO - Se muestra las ordenes de venta: Mauricio
2023-04-23 16:47:00,887 - INFO - Se muestra las ordenes de venta: Mauricio
2023-04-23 16:47:11,459 - INFO - Se modifica orden de venta correctamente: Mauricio
2023-04-23 16:47:11,459 - INFO - Se modifica orden de venta correctamente: Mauricio
2023-04-23 16:47:11,505 - INFO - Se muestra las ordenes de venta: Mauricio
2023-04-23 16:47:11,505 - INFO - Se muestra las ordenes de venta: Mauricio
2023-04-23 16:49:42,025 - INFO - Arranque del sistema
2023-04-23 16:50:05,745 - INFO - Arranque del sistema
2023-04-23 16:50:43,010 - INFO - Arranque del sistema
2023-04-23 16:50:48,260 - WARNING - Datos erroneos al ingresar al sistema
2023-04-23 16:50:48,260 - WARNING - Datos erroneos al ingresar al sistema
2023-04-23 16:50:53,315 - INFO - Se muestra el dashboard: Mauricio
2023-04-23 16:50:53,315 - INFO - Se muestra el dashboard: Mauricio
2023-04-23 16:50:56,417 - INFO - Se muestran las recetas activas: Mauricio
2023-04-23 16:50:56,417 - INFO - Se muestran las recetas activas: Mauricio
2023-04-23 16:50:59,356 - INFO - Se muestra las ordenes de venta: Mauricio
2023-04-23 16:50:59,356 - INFO - Se muestra las ordenes de venta: Mauricio
2023-04-23 16:51:16,488 - INFO - Se modifica orden de venta correctamente: Mauricio
2023-04-23 16:51:16,488 - INFO - Se modifica orden de venta correctamente: Mauricio
2023-04-23 16:51:16,538 - INFO - Se muestra las ordenes de venta: Mauricio
2023-04-23 16:51:16,538 - INFO - Se muestra las ordenes de venta: Mauricio
2023-04-23 16:53:52,226 - INFO - Se muestra las ordenes de venta: Mauricio
2023-04-23 16:53:52,226 - INFO - Se muestra las ordenes de venta: Mauricio
2023-04-23 16:53:55,303 - INFO - Se modifica orden de venta correctamente: Mauricio
2023-04-23 16:53:55,303 - INFO - Se modifica orden de venta correctamente: Mauricio
2023-04-23 16:53:55,380 - INFO - Se muestra las ordenes de venta: Mauricio
2023-04-23 16:53:55,380 - INFO - Se muestra las ordenes de venta: Mauricio
2023-04-23 16:55:02,189 - INFO - Se muestra las ordenes de venta: Mauricio
2023-04-23 16:55:02,189 - INFO - Se muestra las ordenes de venta: Mauricio
2023-04-23 16:56:41,101 - INFO - Se muestra las ordenes de venta: Mauricio
2023-04-23 16:56:41,101 - INFO - Se muestra las ordenes de venta: Mauricio
2023-04-23 16:57:51,362 - INFO - Arranque del sistema
2023-04-23 16:57:55,950 - INFO - Se muestra el dashboard: Mauricio
2023-04-23 16:57:55,950 - INFO - Se muestra el dashboard: Mauricio
2023-04-23 16:57:58,822 - INFO - Se muestra las ordenes de venta: Mauricio
2023-04-23 16:57:58,822 - INFO - Se muestra las ordenes de venta: Mauricio
2023-04-23 16:58:04,999 - INFO - Arranque del sistema
2023-04-23 16:58:28,498 - INFO - Se muestra el dashboard: Mauricio
2023-04-23 16:58:28,498 - INFO - Se muestra el dashboard: Mauricio
2023-04-23 16:58:31,406 - INFO - Se muestra las ordenes de venta: Mauricio
2023-04-23 16:58:31,406 - INFO - Se muestra las ordenes de venta: Mauricio
2023-04-23 17:00:09,063 - INFO - Se muestra las ordenes de venta: Mauricio
2023-04-23 17:00:09,063 - INFO - Se muestra las ordenes de venta: Mauricio
2023-04-23 17:00:49,493 - INFO - Se muestra las ordenes de venta: Mauricio
2023-04-23 17:00:49,493 - INFO - Se muestra las ordenes de venta: Mauricio
2023-04-23 17:01:11,031 - INFO - Se muestra el usuario: Mauricio
2023-04-23 17:01:11,031 - INFO - Se muestra el usuario: Mauricio
2023-04-23 17:01:13,792 - INFO - Se muestran las ordenes de compra: Mauricio
2023-04-23 17:01:13,792 - INFO - Se muestran las ordenes de compra: Mauricio
2023-04-23 17:02:54,536 - INFO - Arranque del sistema
2023-04-23 17:05:34,763 - INFO - Se muestra el dashboard: Mauricio
2023-04-23 17:05:34,763 - INFO - Se muestra el dashboard: Mauricio
2023-04-23 17:05:39,850 - INFO - Se muestran las ordenes de compra: Mauricio
2023-04-23 17:05:39,850 - INFO - Se muestran las ordenes de compra: Mauricio
2023-04-23 17:07:50,050 - INFO - Listado de materia prima por proveedor: Mauricio
2023-04-23 17:07:50,050 - INFO - Listado de materia prima por proveedor: Mauricio
2023-04-23 17:07:50,050 - INFO - Listado de materia prima por proveedor: Mauricio
2023-04-23 17:07:50,050 - INFO - Listado de materia prima por proveedor: Mauricio
2023-04-23 17:07:50,050 - INFO - Listado de materia prima por proveedor: Mauricio
2023-04-23 17:07:50,050 - INFO - Listado de materia prima por proveedor: Mauricio
2023-04-23 17:09:45,881 - INFO - Listado de materia prima por proveedor: Mauricio
2023-04-23 17:09:45,881 - INFO - Listado de materia prima por proveedor: Mauricio
2023-04-23 17:09:45,881 - INFO - Listado de materia prima por proveedor: Mauricio
2023-04-23 17:09:45,881 - INFO - Listado de materia prima por proveedor: Mauricio
2023-04-23 17:09:45,881 - INFO - Listado de materia prima por proveedor: Mauricio
2023-04-23 17:09:45,881 - INFO - Listado de materia prima por proveedor: Mauricio
2023-04-23 17:10:50,086 - INFO - Listado de materia prima por proveedor: Mauricio
2023-04-23 17:10:50,086 - INFO - Listado de materia prima por proveedor: Mauricio
2023-04-23 17:10:50,086 - INFO - Listado de materia prima por proveedor: Mauricio
2023-04-23 17:10:50,086 - INFO - Listado de materia prima por proveedor: Mauricio
2023-04-23 17:10:50,086 - INFO - Listado de materia prima por proveedor: Mauricio
2023-04-23 17:10:50,086 - INFO - Listado de materia prima por proveedor: Mauricio
2023-04-23 17:11:36,756 - INFO - Listado de materia prima por proveedor: Mauricio
2023-04-23 17:11:36,756 - INFO - Listado de materia prima por proveedor: Mauricio
2023-04-23 17:11:36,757 - INFO - Listado de materia prima por proveedor: Mauricio
2023-04-23 17:11:36,757 - INFO - Listado de materia prima por proveedor: Mauricio
2023-04-23 17:11:36,757 - INFO - Listado de materia prima por proveedor: Mauricio
2023-04-23 17:11:36,757 - INFO - Listado de materia prima por proveedor: Mauricio
2023-04-23 17:12:13,031 - INFO - Listado de materia prima por proveedor: Mauricio
2023-04-23 17:12:13,031 - INFO - Listado de materia prima por proveedor: Mauricio
2023-04-23 17:12:13,031 - INFO - Listado de materia prima por proveedor: Mauricio
2023-04-23 17:12:13,031 - INFO - Listado de materia prima por proveedor: Mauricio
2023-04-23 17:12:13,031 - INFO - Listado de materia prima por proveedor: Mauricio
2023-04-23 17:12:13,031 - INFO - Listado de materia prima por proveedor: Mauricio
2023-04-23 17:13:15,369 - INFO - Listado de materia prima por proveedor: Mauricio
2023-04-23 17:13:15,369 - INFO - Listado de materia prima por proveedor: Mauricio
2023-04-23 17:13:15,369 - INFO - Listado de materia prima por proveedor: Mauricio
2023-04-23 17:13:15,369 - INFO - Listado de materia prima por proveedor: Mauricio
2023-04-23 17:13:15,369 - INFO - Listado de materia prima por proveedor: Mauricio
2023-04-23 17:13:15,369 - INFO - Listado de materia prima por proveedor: Mauricio
2023-04-23 17:19:05,845 - INFO - Se inserta una orden de compra correctamente: Mauricio
2023-04-23 17:19:05,845 - INFO - Se inserta una orden de compra correctamente: Mauricio
2023-04-23 17:19:05,889 - INFO - Se muestran las ordenes de compra: Mauricio
2023-04-23 17:19:05,889 - INFO - Se muestran las ordenes de compra: Mauricio
2023-04-23 17:19:05,953 - INFO - Se muestran las ordenes de compra: Mauricio
2023-04-23 17:19:05,953 - INFO - Se muestran las ordenes de compra: Mauricio
2023-04-23 17:19:18,986 - INFO - Se modifica la orden de compra correctamente: Mauricio
2023-04-23 17:19:18,986 - INFO - Se modifica la orden de compra correctamente: Mauricio
2023-04-23 17:19:19,013 - INFO - Se muestran las ordenes de compra: Mauricio
2023-04-23 17:19:19,013 - INFO - Se muestran las ordenes de compra: Mauricio
2023-04-23 17:25:01,543 - INFO - Arranque del sistema
2023-04-23 17:25:18,386 - INFO - Arranque del sistema
2023-04-23 17:25:37,953 - INFO - Arranque del sistema
2023-04-23 20:50:27,748 - INFO - Arranque del sistema
2023-04-23 20:50:28,751 - INFO - Arranque del sistema
2023-04-23 20:50:54,431 - INFO - Se muestra el home
2023-04-23 20:50:54,431 - INFO - Se muestra el home
2023-04-23 20:51:00,470 - INFO - Se muestra el dashboard: Mauricio
2023-04-23 20:51:00,470 - INFO - Se muestra el dashboard: Mauricio
2023-04-23 20:51:02,689 - INFO - Listado de materia prima para: Mauricio
2023-04-23 20:51:02,689 - INFO - Listado de materia prima para: Mauricio
2023-04-23 21:15:41,578 - INFO - Listado de materia prima para: Mauricio
2023-04-23 21:15:41,578 - INFO - Listado de materia prima para: Mauricio
2023-04-23 21:19:28,695 - INFO - Se actualizo materia prima correctamente: Mauricio
2023-04-23 21:19:28,695 - INFO - Se actualizo materia prima correctamente: Mauricio
2023-04-23 21:19:28,719 - INFO - Listado de materia prima para: Mauricio
2023-04-23 21:19:28,719 - INFO - Listado de materia prima para: Mauricio
2023-04-23 21:19:47,592 - INFO - Se actualizo materia prima correctamente: Mauricio
2023-04-23 21:19:47,592 - INFO - Se actualizo materia prima correctamente: Mauricio
2023-04-23 21:19:47,621 - INFO - Listado de materia prima para: Mauricio
2023-04-23 21:19:47,621 - INFO - Listado de materia prima para: Mauricio
2023-04-23 21:22:40,712 - INFO - Se actualizo materia prima correctamente: Mauricio
2023-04-23 21:22:40,712 - INFO - Se actualizo materia prima correctamente: Mauricio
2023-04-23 21:22:40,739 - INFO - Listado de materia prima para: Mauricio
2023-04-23 21:22:40,739 - INFO - Listado de materia prima para: Mauricio
2023-04-23 21:23:15,155 - INFO - Se actualizo materia prima correctamente: Mauricio
2023-04-23 21:23:15,155 - INFO - Se actualizo materia prima correctamente: Mauricio
2023-04-23 21:23:15,163 - INFO - Listado de materia prima para: Mauricio
2023-04-23 21:23:15,163 - INFO - Listado de materia prima para: Mauricio
2023-04-23 21:23:27,155 - INFO - Se muestran los productos activos: Mauricio
2023-04-23 21:23:27,155 - INFO - Se muestran los productos activos: Mauricio
2023-04-23 21:32:28,444 - INFO - Se agrega correctamente un producto: Mauricio
2023-04-23 21:32:28,444 - INFO - Se agrega correctamente un producto: Mauricio
2023-04-23 21:32:28,484 - INFO - Se muestran los productos activos: Mauricio
2023-04-23 21:32:28,484 - INFO - Se muestran los productos activos: Mauricio
2023-04-23 21:32:51,406 - INFO - Se muestran las recetas activas: Mauricio
2023-04-23 21:32:51,406 - INFO - Se muestran las recetas activas: Mauricio
2023-04-23 21:32:56,744 - INFO - Se muestran los productos activos: Mauricio
2023-04-23 21:32:56,744 - INFO - Se muestran los productos activos: Mauricio
2023-04-23 21:34:54,410 - INFO - Se muestran los productos activos: Mauricio
2023-04-23 21:34:54,410 - INFO - Se muestran los productos activos: Mauricio
2023-04-23 21:35:11,839 - INFO - Se muestran los productos activos: Mauricio
2023-04-23 21:35:11,839 - INFO - Se muestran los productos activos: Mauricio
2023-04-23 21:35:20,871 - INFO - Se muestran los productos activos: Mauricio
2023-04-23 21:35:20,871 - INFO - Se muestran los productos activos: Mauricio
2023-04-23 23:06:44,705 - INFO - Se muestra el home
2023-04-23 23:06:44,705 - INFO - Se muestra el home
2023-04-23 23:06:44,902 - INFO - Se muestra el home
2023-04-23 23:06:44,902 - INFO - Se muestra el home
2023-04-23 23:06:49,320 - INFO - Salio del sistema
2023-04-23 23:06:49,320 - INFO - Salio del sistema
2023-04-23 23:06:49,328 - INFO - Se muestra el home
2023-04-23 23:06:49,328 - INFO - Se muestra el home
2023-04-23 23:06:55,379 - INFO - Se muestra el dashboard: Mauricio
2023-04-23 23:06:55,379 - INFO - Se muestra el dashboard: Mauricio
2023-04-23 23:06:57,445 - INFO - Listado de materia prima para: Mauricio
2023-04-23 23:06:57,445 - INFO - Listado de materia prima para: Mauricio
2023-04-23 23:08:05,850 - INFO - Listado de materia prima para: Mauricio
2023-04-23 23:08:05,850 - INFO - Listado de materia prima para: Mauricio
2023-04-23 23:12:25,044 - INFO - Se muestran los productos activos: Mauricio
2023-04-23 23:12:25,044 - INFO - Se muestran los productos activos: Mauricio
2023-04-23 23:15:44,826 - INFO - Listado de materia prima para: Mauricio
2023-04-23 23:15:44,826 - INFO - Listado de materia prima para: Mauricio
2023-04-23 23:16:26,550 - INFO - Se muestran los proveedores activos: Mauricio
2023-04-23 23:16:26,550 - INFO - Se muestran los proveedores activos: Mauricio
2023-04-23 23:20:09,295 - INFO - Listado de materia prima para: Mauricio
2023-04-23 23:20:09,295 - INFO - Listado de materia prima para: Mauricio
2023-04-23 23:29:23,135 - INFO - Se muestran las recetas activas: Mauricio
2023-04-23 23:29:23,135 - INFO - Se muestran las recetas activas: Mauricio
2023-04-23 23:29:27,547 - INFO - Se muestra las ordenes de venta: Mauricio
2023-04-23 23:29:27,547 - INFO - Se muestra las ordenes de venta: Mauricio
2023-04-23 23:29:40,479 - INFO - Se muestran los detalles de la orden de venta: Mauricio
2023-04-23 23:29:40,479 - INFO - Se muestran los detalles de la orden de venta: Mauricio
2023-04-23 23:32:06,638 - INFO - Arranque del sistema
2023-04-23 23:32:26,265 - INFO - Se muestra el dashboard: Mauricio
2023-04-23 23:32:26,265 - INFO - Se muestra el dashboard: Mauricio
2023-04-23 23:32:37,733 - INFO - Se muestran las recetas activas: Mauricio
2023-04-23 23:32:37,733 - INFO - Se muestran las recetas activas: Mauricio
2023-04-23 23:32:41,051 - INFO - Se muestran las ordenes de compra: Mauricio
2023-04-23 23:32:41,051 - INFO - Se muestran las ordenes de compra: Mauricio
2023-04-23 23:32:43,647 - INFO - Se muestra las ordenes de venta: Mauricio
2023-04-23 23:32:43,647 - INFO - Se muestra las ordenes de venta: Mauricio
2023-04-23 23:32:45,161 - INFO - Se muestran los detalles de la orden de venta: Mauricio
2023-04-23 23:32:45,161 - INFO - Se muestran los detalles de la orden de venta: Mauricio
2023-04-23 23:32:46,472 - INFO - Se muestra las ordenes de venta: Mauricio
2023-04-23 23:32:46,472 - INFO - Se muestra las ordenes de venta: Mauricio
2023-04-23 23:32:49,944 - INFO - Se muestra el usuario: Mauricio
2023-04-23 23:32:49,944 - INFO - Se muestra el usuario: Mauricio
2023-04-23 23:32:59,114 - INFO - Se muestran los proveedores activos: Mauricio
2023-04-23 23:32:59,114 - INFO - Se muestran los proveedores activos: Mauricio
2023-04-23 23:33:30,904 - INFO - Se muestran las ordenes de compra: Mauricio
2023-04-23 23:33:30,904 - INFO - Se muestran las ordenes de compra: Mauricio
2023-04-23 23:33:38,766 - INFO - Listado de materia prima por proveedor: Mauricio
2023-04-23 23:33:38,766 - INFO - Listado de materia prima por proveedor: Mauricio
2023-04-23 23:33:38,766 - INFO - Listado de materia prima por proveedor: Mauricio
2023-04-23 23:33:38,766 - INFO - Listado de materia prima por proveedor: Mauricio
2023-04-23 23:33:38,766 - INFO - Listado de materia prima por proveedor: Mauricio
2023-04-23 23:33:38,766 - INFO - Listado de materia prima por proveedor: Mauricio
2023-04-24 11:35:55,800 - INFO - Arranque del sistema
2023-04-24 11:37:22,100 - INFO - Arranque del sistema
2023-04-24 11:37:24,475 - INFO - Arranque del sistema
2023-04-24 11:37:28,564 - INFO - Se muestra el home
2023-04-24 11:37:28,564 - INFO - Se muestra el home
2023-04-24 11:37:35,724 - INFO - Se muestra el dashboard: Mauricio
2023-04-24 11:37:35,724 - INFO - Se muestra el dashboard: Mauricio
2023-04-24 11:37:50,872 - INFO - Listado de materia prima para: Mauricio
2023-04-24 11:37:50,872 - INFO - Listado de materia prima para: Mauricio
2023-04-24 11:51:52,861 - INFO - Se muestran las ordenes de compra: Mauricio
2023-04-24 11:51:52,861 - INFO - Se muestran las ordenes de compra: Mauricio
2023-04-24 11:52:01,588 - INFO - Listado de materia prima por proveedor: Mauricio
2023-04-24 11:52:01,588 - INFO - Listado de materia prima por proveedor: Mauricio
2023-04-24 11:52:01,588 - INFO - Listado de materia prima por proveedor: Mauricio
2023-04-24 11:52:01,588 - INFO - Listado de materia prima por proveedor: Mauricio
2023-04-24 11:52:01,589 - INFO - Listado de materia prima por proveedor: Mauricio
2023-04-24 11:52:01,589 - INFO - Listado de materia prima por proveedor: Mauricio
2023-04-24 11:53:05,172 - INFO - Listado de materia prima por proveedor: Mauricio
2023-04-24 11:53:05,172 - INFO - Listado de materia prima por proveedor: Mauricio
2023-04-24 11:53:05,172 - INFO - Listado de materia prima por proveedor: Mauricio
2023-04-24 11:53:05,172 - INFO - Listado de materia prima por proveedor: Mauricio
2023-04-24 11:53:05,172 - INFO - Listado de materia prima por proveedor: Mauricio
2023-04-24 11:53:05,172 - INFO - Listado de materia prima por proveedor: Mauricio
2023-04-24 11:53:34,867 - INFO - Listado de materia prima por proveedor: Mauricio
2023-04-24 11:53:34,867 - INFO - Listado de materia prima por proveedor: Mauricio
2023-04-24 11:53:34,868 - INFO - Listado de materia prima por proveedor: Mauricio
2023-04-24 11:53:34,868 - INFO - Listado de materia prima por proveedor: Mauricio
2023-04-24 11:53:34,868 - INFO - Listado de materia prima por proveedor: Mauricio
2023-04-24 11:53:34,868 - INFO - Listado de materia prima por proveedor: Mauricio
2023-04-24 11:54:27,724 - INFO - Listado de materia prima por proveedor: Mauricio
2023-04-24 11:54:27,724 - INFO - Listado de materia prima por proveedor: Mauricio
2023-04-24 11:54:27,725 - INFO - Listado de materia prima por proveedor: Mauricio
2023-04-24 11:54:27,725 - INFO - Listado de materia prima por proveedor: Mauricio
2023-04-24 11:54:27,725 - INFO - Listado de materia prima por proveedor: Mauricio
2023-04-24 11:54:27,725 - INFO - Listado de materia prima por proveedor: Mauricio
2023-04-24 11:58:03,213 - INFO - Listado de materia prima por proveedor: Mauricio
2023-04-24 11:58:03,213 - INFO - Listado de materia prima por proveedor: Mauricio
2023-04-24 11:58:03,213 - INFO - Listado de materia prima por proveedor: Mauricio
2023-04-24 11:58:03,213 - INFO - Listado de materia prima por proveedor: Mauricio
2023-04-24 11:58:03,213 - INFO - Listado de materia prima por proveedor: Mauricio
2023-04-24 11:58:03,213 - INFO - Listado de materia prima por proveedor: Mauricio
2023-04-24 11:59:22,204 - INFO - Listado de materia prima por proveedor: Mauricio
2023-04-24 11:59:22,204 - INFO - Listado de materia prima por proveedor: Mauricio
2023-04-24 11:59:22,204 - INFO - Listado de materia prima por proveedor: Mauricio
2023-04-24 11:59:22,204 - INFO - Listado de materia prima por proveedor: Mauricio
2023-04-24 11:59:22,205 - INFO - Listado de materia prima por proveedor: Mauricio
2023-04-24 11:59:22,205 - INFO - Listado de materia prima por proveedor: Mauricio
2023-04-24 12:06:38,117 - INFO - Listado de materia prima por proveedor: Mauricio
2023-04-24 12:06:38,117 - INFO - Listado de materia prima por proveedor: Mauricio
2023-04-24 12:06:38,117 - INFO - Listado de materia prima por proveedor: Mauricio
2023-04-24 12:06:38,117 - INFO - Listado de materia prima por proveedor: Mauricio
2023-04-24 12:06:38,118 - INFO - Listado de materia prima por proveedor: Mauricio
2023-04-24 12:06:38,118 - INFO - Listado de materia prima por proveedor: Mauricio
2023-04-24 12:08:09,398 - INFO - Listado de materia prima por proveedor: Mauricio
2023-04-24 12:08:09,398 - INFO - Listado de materia prima por proveedor: Mauricio
2023-04-24 12:08:09,398 - INFO - Listado de materia prima por proveedor: Mauricio
2023-04-24 12:08:09,398 - INFO - Listado de materia prima por proveedor: Mauricio
2023-04-24 12:08:09,398 - INFO - Listado de materia prima por proveedor: Mauricio
2023-04-24 12:08:09,398 - INFO - Listado de materia prima por proveedor: Mauricio
2023-04-24 12:09:04,950 - INFO - Listado de materia prima por proveedor: Mauricio
2023-04-24 12:09:04,950 - INFO - Listado de materia prima por proveedor: Mauricio
2023-04-24 12:09:04,950 - INFO - Listado de materia prima por proveedor: Mauricio
2023-04-24 12:09:04,950 - INFO - Listado de materia prima por proveedor: Mauricio
2023-04-24 12:09:04,950 - INFO - Listado de materia prima por proveedor: Mauricio
2023-04-24 12:09:04,950 - INFO - Listado de materia prima por proveedor: Mauricio
2023-04-24 12:09:45,964 - INFO - Listado de materia prima por proveedor: Mauricio
2023-04-24 12:09:45,964 - INFO - Listado de materia prima por proveedor: Mauricio
2023-04-24 12:09:45,965 - INFO - Listado de materia prima por proveedor: Mauricio
2023-04-24 12:09:45,965 - INFO - Listado de materia prima por proveedor: Mauricio
2023-04-24 12:09:45,965 - INFO - Listado de materia prima por proveedor: Mauricio
2023-04-24 12:09:45,965 - INFO - Listado de materia prima por proveedor: Mauricio
2023-04-24 12:13:24,951 - INFO - Listado de materia prima por proveedor: Mauricio
2023-04-24 12:13:24,951 - INFO - Listado de materia prima por proveedor: Mauricio
2023-04-24 12:13:24,952 - INFO - Listado de materia prima por proveedor: Mauricio
2023-04-24 12:13:24,952 - INFO - Listado de materia prima por proveedor: Mauricio
2023-04-24 12:13:24,952 - INFO - Listado de materia prima por proveedor: Mauricio
2023-04-24 12:13:24,952 - INFO - Listado de materia prima por proveedor: Mauricio
2023-04-24 12:17:20,692 - INFO - Listado de materia prima por proveedor: Mauricio
2023-04-24 12:17:20,692 - INFO - Listado de materia prima por proveedor: Mauricio
2023-04-24 12:17:20,692 - INFO - Listado de materia prima por proveedor: Mauricio
2023-04-24 12:17:20,692 - INFO - Listado de materia prima por proveedor: Mauricio
2023-04-24 12:17:20,692 - INFO - Listado de materia prima por proveedor: Mauricio
2023-04-24 12:17:20,692 - INFO - Listado de materia prima por proveedor: Mauricio
2023-04-24 12:20:26,685 - INFO - Listado de materia prima por proveedor: Mauricio
2023-04-24 12:20:26,685 - INFO - Listado de materia prima por proveedor: Mauricio
2023-04-24 12:20:26,685 - INFO - Listado de materia prima por proveedor: Mauricio
2023-04-24 12:20:26,685 - INFO - Listado de materia prima por proveedor: Mauricio
2023-04-24 12:20:26,685 - INFO - Listado de materia prima por proveedor: Mauricio
2023-04-24 12:20:26,685 - INFO - Listado de materia prima por proveedor: Mauricio
2023-04-24 12:28:08,610 - INFO - Listado de materia prima por proveedor: Mauricio
2023-04-24 12:28:08,610 - INFO - Listado de materia prima por proveedor: Mauricio
2023-04-24 12:28:08,610 - INFO - Listado de materia prima por proveedor: Mauricio
2023-04-24 12:28:08,610 - INFO - Listado de materia prima por proveedor: Mauricio
2023-04-24 12:28:08,612 - INFO - Listado de materia prima por proveedor: Mauricio
2023-04-24 12:28:08,612 - INFO - Listado de materia prima por proveedor: Mauricio
2023-04-24 12:29:22,838 - INFO - Listado de materia prima por proveedor: Mauricio
2023-04-24 12:29:22,838 - INFO - Listado de materia prima por proveedor: Mauricio
2023-04-24 12:29:22,838 - INFO - Listado de materia prima por proveedor: Mauricio
2023-04-24 12:29:22,838 - INFO - Listado de materia prima por proveedor: Mauricio
2023-04-24 12:29:22,838 - INFO - Listado de materia prima por proveedor: Mauricio
2023-04-24 12:29:22,838 - INFO - Listado de materia prima por proveedor: Mauricio
2023-04-24 12:37:36,556 - INFO - Listado de materia prima por proveedor: Mauricio
2023-04-24 12:37:36,556 - INFO - Listado de materia prima por proveedor: Mauricio
2023-04-24 12:37:36,556 - INFO - Listado de materia prima por proveedor: Mauricio
2023-04-24 12:37:36,556 - INFO - Listado de materia prima por proveedor: Mauricio
2023-04-24 12:37:36,556 - INFO - Listado de materia prima por proveedor: Mauricio
2023-04-24 12:37:36,556 - INFO - Listado de materia prima por proveedor: Mauricio
2023-04-24 12:41:15,561 - INFO - Listado de materia prima por proveedor: Mauricio
2023-04-24 12:41:15,561 - INFO - Listado de materia prima por proveedor: Mauricio
2023-04-24 12:41:15,561 - INFO - Listado de materia prima por proveedor: Mauricio
2023-04-24 12:41:15,561 - INFO - Listado de materia prima por proveedor: Mauricio
2023-04-24 12:41:15,562 - INFO - Listado de materia prima por proveedor: Mauricio
2023-04-24 12:41:15,562 - INFO - Listado de materia prima por proveedor: Mauricio
2023-04-24 12:55:40,654 - INFO - Listado de materia prima por proveedor: Mauricio
2023-04-24 12:55:40,654 - INFO - Listado de materia prima por proveedor: Mauricio
2023-04-24 12:55:40,655 - INFO - Listado de materia prima por proveedor: Mauricio
2023-04-24 12:55:40,655 - INFO - Listado de materia prima por proveedor: Mauricio
2023-04-24 12:55:40,655 - INFO - Listado de materia prima por proveedor: Mauricio
2023-04-24 12:55:40,655 - INFO - Listado de materia prima por proveedor: Mauricio
2023-04-24 12:56:11,077 - INFO - Listado de materia prima por proveedor: Mauricio
2023-04-24 12:56:11,077 - INFO - Listado de materia prima por proveedor: Mauricio
2023-04-24 12:56:11,077 - INFO - Listado de materia prima por proveedor: Mauricio
2023-04-24 12:56:11,077 - INFO - Listado de materia prima por proveedor: Mauricio
2023-04-24 12:56:11,077 - INFO - Listado de materia prima por proveedor: Mauricio
2023-04-24 12:56:11,077 - INFO - Listado de materia prima por proveedor: Mauricio
2023-04-24 12:57:31,515 - INFO - Listado de materia prima por proveedor: Mauricio
2023-04-24 12:57:31,515 - INFO - Listado de materia prima por proveedor: Mauricio
2023-04-24 12:57:31,516 - INFO - Listado de materia prima por proveedor: Mauricio
2023-04-24 12:57:31,516 - INFO - Listado de materia prima por proveedor: Mauricio
2023-04-24 12:57:31,516 - INFO - Listado de materia prima por proveedor: Mauricio
2023-04-24 12:57:31,516 - INFO - Listado de materia prima por proveedor: Mauricio
2023-04-24 12:59:32,077 - INFO - Listado de materia prima por proveedor: Mauricio
2023-04-24 12:59:32,077 - INFO - Listado de materia prima por proveedor: Mauricio
2023-04-24 12:59:32,077 - INFO - Listado de materia prima por proveedor: Mauricio
2023-04-24 12:59:32,077 - INFO - Listado de materia prima por proveedor: Mauricio
2023-04-24 12:59:32,077 - INFO - Listado de materia prima por proveedor: Mauricio
2023-04-24 12:59:32,077 - INFO - Listado de materia prima por proveedor: Mauricio
2023-04-24 13:00:45,286 - INFO - Listado de materia prima por proveedor: Mauricio
2023-04-24 13:00:45,286 - INFO - Listado de materia prima por proveedor: Mauricio
2023-04-24 13:00:45,286 - INFO - Listado de materia prima por proveedor: Mauricio
2023-04-24 13:00:45,286 - INFO - Listado de materia prima por proveedor: Mauricio
2023-04-24 13:00:45,286 - INFO - Listado de materia prima por proveedor: Mauricio
2023-04-24 13:00:45,286 - INFO - Listado de materia prima por proveedor: Mauricio
2023-04-24 13:01:52,158 - INFO - Listado de materia prima por proveedor: Mauricio
2023-04-24 13:01:52,158 - INFO - Listado de materia prima por proveedor: Mauricio
2023-04-24 13:01:52,158 - INFO - Listado de materia prima por proveedor: Mauricio
2023-04-24 13:01:52,158 - INFO - Listado de materia prima por proveedor: Mauricio
2023-04-24 13:01:52,158 - INFO - Listado de materia prima por proveedor: Mauricio
2023-04-24 13:01:52,158 - INFO - Listado de materia prima por proveedor: Mauricio
2023-04-24 13:02:57,927 - INFO - Listado de materia prima por proveedor: Mauricio
2023-04-24 13:02:57,927 - INFO - Listado de materia prima por proveedor: Mauricio
2023-04-24 13:02:57,927 - INFO - Listado de materia prima por proveedor: Mauricio
2023-04-24 13:02:57,927 - INFO - Listado de materia prima por proveedor: Mauricio
2023-04-24 13:02:57,928 - INFO - Listado de materia prima por proveedor: Mauricio
2023-04-24 13:02:57,928 - INFO - Listado de materia prima por proveedor: Mauricio
2023-04-24 13:03:30,140 - INFO - Listado de materia prima por proveedor: Mauricio
2023-04-24 13:03:30,140 - INFO - Listado de materia prima por proveedor: Mauricio
2023-04-24 13:03:30,141 - INFO - Listado de materia prima por proveedor: Mauricio
2023-04-24 13:03:30,141 - INFO - Listado de materia prima por proveedor: Mauricio
2023-04-24 13:03:30,141 - INFO - Listado de materia prima por proveedor: Mauricio
2023-04-24 13:03:30,141 - INFO - Listado de materia prima por proveedor: Mauricio
2023-04-24 13:04:15,269 - INFO - Listado de materia prima por proveedor: Mauricio
2023-04-24 13:04:15,269 - INFO - Listado de materia prima por proveedor: Mauricio
2023-04-24 13:04:15,269 - INFO - Listado de materia prima por proveedor: Mauricio
2023-04-24 13:04:15,269 - INFO - Listado de materia prima por proveedor: Mauricio
2023-04-24 13:04:15,270 - INFO - Listado de materia prima por proveedor: Mauricio
2023-04-24 13:04:15,270 - INFO - Listado de materia prima por proveedor: Mauricio
2023-04-24 13:05:57,183 - INFO - Listado de materia prima por proveedor: Mauricio
2023-04-24 13:05:57,183 - INFO - Listado de materia prima por proveedor: Mauricio
2023-04-24 13:05:57,184 - INFO - Listado de materia prima por proveedor: Mauricio
2023-04-24 13:05:57,184 - INFO - Listado de materia prima por proveedor: Mauricio
2023-04-24 13:05:57,184 - INFO - Listado de materia prima por proveedor: Mauricio
2023-04-24 13:05:57,184 - INFO - Listado de materia prima por proveedor: Mauricio
2023-04-24 13:08:04,835 - INFO - Listado de materia prima por proveedor: Mauricio
2023-04-24 13:08:04,835 - INFO - Listado de materia prima por proveedor: Mauricio
2023-04-24 13:08:04,835 - INFO - Listado de materia prima por proveedor: Mauricio
2023-04-24 13:08:04,835 - INFO - Listado de materia prima por proveedor: Mauricio
2023-04-24 13:08:04,835 - INFO - Listado de materia prima por proveedor: Mauricio
2023-04-24 13:08:04,835 - INFO - Listado de materia prima por proveedor: Mauricio
2023-04-24 13:09:31,948 - INFO - Listado de materia prima por proveedor: Mauricio
2023-04-24 13:09:31,948 - INFO - Listado de materia prima por proveedor: Mauricio
2023-04-24 13:09:31,948 - INFO - Listado de materia prima por proveedor: Mauricio
2023-04-24 13:09:31,948 - INFO - Listado de materia prima por proveedor: Mauricio
2023-04-24 13:09:31,948 - INFO - Listado de materia prima por proveedor: Mauricio
2023-04-24 13:09:31,948 - INFO - Listado de materia prima por proveedor: Mauricio
2023-04-24 13:09:52,220 - INFO - Se inserta una orden de compra correctamente: Mauricio
2023-04-24 13:09:52,220 - INFO - Se inserta una orden de compra correctamente: Mauricio
2023-04-24 13:09:52,255 - INFO - Se muestran las ordenes de compra: Mauricio
2023-04-24 13:09:52,255 - INFO - Se muestran las ordenes de compra: Mauricio
2023-04-24 13:09:52,327 - INFO - Se muestran las ordenes de compra: Mauricio
2023-04-24 13:09:52,327 - INFO - Se muestran las ordenes de compra: Mauricio
2023-04-24 13:10:00,573 - INFO - Se muestra la orden de compra por id: Mauricio
2023-04-24 13:10:00,573 - INFO - Se muestra la orden de compra por id: Mauricio
2023-04-24 13:10:02,927 - INFO - Se muestran las ordenes de compra: Mauricio
2023-04-24 13:10:02,927 - INFO - Se muestran las ordenes de compra: Mauricio
2023-04-24 13:10:09,868 - INFO - Se modifica la orden de compra correctamente: Mauricio
2023-04-24 13:10:09,868 - INFO - Se modifica la orden de compra correctamente: Mauricio
2023-04-24 13:10:09,905 - INFO - Se muestran las ordenes de compra: Mauricio
2023-04-24 13:10:09,905 - INFO - Se muestran las ordenes de compra: Mauricio
2023-04-24 13:10:35,566 - INFO - Se muestra la orden de compra por id: Mauricio
2023-04-24 13:10:35,566 - INFO - Se muestra la orden de compra por id: Mauricio
2023-04-24 13:11:20,125 - INFO - Se muestran las ordenes de compra: Mauricio
2023-04-24 13:11:20,125 - INFO - Se muestran las ordenes de compra: Mauricio
2023-04-24 13:11:29,481 - INFO - Se modifica la orden de compra correctamente: Mauricio
2023-04-24 13:11:29,481 - INFO - Se modifica la orden de compra correctamente: Mauricio
2023-04-24 13:11:29,543 - INFO - Se muestran las ordenes de compra: Mauricio
2023-04-24 13:11:29,543 - INFO - Se muestran las ordenes de compra: Mauricio
2023-04-24 13:11:46,509 - INFO - Listado de materia prima por proveedor: Mauricio
2023-04-24 13:11:46,509 - INFO - Listado de materia prima por proveedor: Mauricio
2023-04-24 13:11:46,509 - INFO - Listado de materia prima por proveedor: Mauricio
2023-04-24 13:11:46,509 - INFO - Listado de materia prima por proveedor: Mauricio
2023-04-24 13:11:46,509 - INFO - Listado de materia prima por proveedor: Mauricio
2023-04-24 13:11:46,509 - INFO - Listado de materia prima por proveedor: Mauricio
2023-04-24 13:12:12,489 - INFO - Se inserta una orden de compra correctamente: Mauricio
2023-04-24 13:12:12,489 - INFO - Se inserta una orden de compra correctamente: Mauricio
2023-04-24 13:12:12,549 - INFO - Se muestran las ordenes de compra: Mauricio
2023-04-24 13:12:12,549 - INFO - Se muestran las ordenes de compra: Mauricio
2023-04-24 13:12:12,600 - INFO - Se muestran las ordenes de compra: Mauricio
2023-04-24 13:12:12,600 - INFO - Se muestran las ordenes de compra: Mauricio
2023-04-24 13:12:15,720 - INFO - Se modifica la orden de compra correctamente: Mauricio
2023-04-24 13:12:15,720 - INFO - Se modifica la orden de compra correctamente: Mauricio
2023-04-24 13:12:15,742 - INFO - Se muestran las ordenes de compra: Mauricio
2023-04-24 13:12:15,742 - INFO - Se muestran las ordenes de compra: Mauricio
2023-04-24 13:12:20,403 - INFO - Se modifica la orden de compra correctamente: Mauricio
2023-04-24 13:12:20,403 - INFO - Se modifica la orden de compra correctamente: Mauricio
2023-04-24 13:12:20,442 - INFO - Se muestran las ordenes de compra: Mauricio
2023-04-24 13:12:20,442 - INFO - Se muestran las ordenes de compra: Mauricio
2023-04-24 13:23:39,863 - INFO - Listado de materia prima por proveedor: Mauricio
2023-04-24 13:23:39,863 - INFO - Listado de materia prima por proveedor: Mauricio
2023-04-24 13:23:39,863 - INFO - Listado de materia prima por proveedor: Mauricio
2023-04-24 13:23:39,863 - INFO - Listado de materia prima por proveedor: Mauricio
2023-04-24 13:23:39,863 - INFO - Listado de materia prima por proveedor: Mauricio
2023-04-24 13:23:39,863 - INFO - Listado de materia prima por proveedor: Mauricio
2023-04-24 13:25:02,367 - INFO - Se inserta una orden de compra correctamente: Mauricio
2023-04-24 13:25:02,367 - INFO - Se inserta una orden de compra correctamente: Mauricio
2023-04-24 13:25:02,386 - INFO - Se muestran las ordenes de compra: Mauricio
2023-04-24 13:25:02,386 - INFO - Se muestran las ordenes de compra: Mauricio
2023-04-24 13:25:02,469 - INFO - Se muestran las ordenes de compra: Mauricio
2023-04-24 13:25:02,469 - INFO - Se muestran las ordenes de compra: Mauricio
2023-04-24 13:25:11,131 - INFO - Se modifica la orden de compra correctamente: Mauricio
2023-04-24 13:25:11,131 - INFO - Se modifica la orden de compra correctamente: Mauricio
2023-04-24 13:25:11,206 - INFO - Se muestran las ordenes de compra: Mauricio
2023-04-24 13:25:11,206 - INFO - Se muestran las ordenes de compra: Mauricio
2023-04-24 13:25:16,998 - INFO - Se modifica la orden de compra correctamente: Mauricio
2023-04-24 13:25:16,998 - INFO - Se modifica la orden de compra correctamente: Mauricio
2023-04-24 13:25:17,019 - INFO - Se muestran las ordenes de compra: Mauricio
2023-04-24 13:25:17,019 - INFO - Se muestran las ordenes de compra: Mauricio
2023-04-24 13:25:45,212 - INFO - Se muestra el usuario: Mauricio
2023-04-24 13:25:45,212 - INFO - Se muestra el usuario: Mauricio
2023-04-24 13:26:02,751 - INFO - Se muestra el dashboard: Mauricio
2023-04-24 13:26:02,751 - INFO - Se muestra el dashboard: Mauricio
2023-04-24 13:31:36,708 - INFO - Arranque del sistema
2023-04-24 13:31:46,636 - INFO - Se muestra el home
2023-04-24 13:31:46,636 - INFO - Se muestra el home
2023-04-24 13:31:47,855 - INFO - Se muestra la parte de productos
2023-04-24 13:31:47,855 - INFO - Se muestra la parte de productos
2023-04-24 13:31:49,436 - INFO - Se muestra información sobre nosotros
2023-04-24 13:31:49,436 - INFO - Se muestra información sobre nosotros
2023-04-24 13:31:50,098 - INFO - Se muestran contactos
2023-04-24 13:31:50,098 - INFO - Se muestran contactos
2023-04-24 13:31:51,115 - INFO - Se muestra el home
2023-04-24 13:31:51,115 - INFO - Se muestra el home
2023-04-24 13:32:00,914 - INFO - Se muestra el dashboard: Mauricio
2023-04-24 13:32:00,914 - INFO - Se muestra el dashboard: Mauricio
2023-04-24 13:32:03,845 - INFO - Listado de materia prima para: Mauricio
2023-04-24 13:32:03,845 - INFO - Listado de materia prima para: Mauricio
2023-04-24 13:32:05,729 - INFO - Se muestran los productos activos: Mauricio
2023-04-24 13:32:05,729 - INFO - Se muestran los productos activos: Mauricio
2023-04-24 13:32:08,234 - INFO - Se muestran los proveedores activos: Mauricio
2023-04-24 13:32:08,234 - INFO - Se muestran los proveedores activos: Mauricio
2023-04-24 13:32:53,670 - INFO - Se muestra el dashboard: Mauricio
2023-04-24 13:32:53,670 - INFO - Se muestra el dashboard: Mauricio
2023-04-24 13:32:54,843 - INFO - Listado de materia prima para: Mauricio
2023-04-24 13:32:54,843 - INFO - Listado de materia prima para: Mauricio
2023-04-24 13:33:58,273 - INFO - Se inserto correctamente la materia prima: Mauricio
2023-04-24 13:33:58,273 - INFO - Se inserto correctamente la materia prima: Mauricio
2023-04-24 13:33:58,290 - INFO - Listado de materia prima para: Mauricio
2023-04-24 13:33:58,290 - INFO - Listado de materia prima para: Mauricio
2023-04-24 13:34:16,723 - INFO - Se elimino materia prima correctamente: Mauricio
2023-04-24 13:34:16,723 - INFO - Se elimino materia prima correctamente: Mauricio
2023-04-24 13:34:16,750 - INFO - Listado de materia prima para: Mauricio
2023-04-24 13:34:16,750 - INFO - Listado de materia prima para: Mauricio
2023-04-24 13:34:26,709 - INFO - Se muestra el usuario: Mauricio
2023-04-24 13:34:26,709 - INFO - Se muestra el usuario: Mauricio
2023-04-24 13:34:37,918 - INFO - Se muestra las ordenes de venta: Mauricio
2023-04-24 13:34:37,918 - INFO - Se muestra las ordenes de venta: Mauricio
2023-04-24 13:35:05,714 - INFO - Se elimina orden de venta correctamente: Mauricio
2023-04-24 13:35:05,714 - INFO - Se elimina orden de venta correctamente: Mauricio
2023-04-24 13:35:05,768 - INFO - Se muestra las ordenes de venta: Mauricio
2023-04-24 13:35:05,768 - INFO - Se muestra las ordenes de venta: Mauricio
2023-04-24 14:00:50,578 - INFO - Salio del sistema
2023-04-24 14:00:50,578 - INFO - Salio del sistema
2023-04-24 14:00:50,587 - INFO - Se muestra el home
2023-04-24 14:00:50,587 - INFO - Se muestra el home
2023-04-25 16:04:46,628 - INFO - Arranque del sistema
2023-04-25 16:04:47,745 - INFO - Arranque del sistema
2023-04-25 16:06:14,942 - INFO - Se muestra el home
2023-04-25 16:06:14,942 - INFO - Se muestra el home
2023-04-25 16:06:57,355 - INFO - Se muestra el dashboard: Mauricio
2023-04-25 16:06:57,355 - INFO - Se muestra el dashboard: Mauricio
2023-04-25 16:07:31,704 - INFO - Listado de materia prima para: Mauricio
2023-04-25 16:07:31,704 - INFO - Listado de materia prima para: Mauricio
2023-04-25 16:07:37,968 - INFO - Se muestran las ordenes de compra: Mauricio
2023-04-25 16:07:37,968 - INFO - Se muestran las ordenes de compra: Mauricio
2023-04-25 16:08:13,732 - INFO - Se modifica la orden de compra correctamente: Mauricio
2023-04-25 16:08:13,732 - INFO - Se modifica la orden de compra correctamente: Mauricio
2023-04-25 16:08:13,756 - INFO - Se muestran las ordenes de compra: Mauricio
2023-04-25 16:08:13,756 - INFO - Se muestran las ordenes de compra: Mauricio
2023-04-25 16:21:36,425 - INFO - Salio del sistema
2023-04-25 16:21:36,425 - INFO - Salio del sistema
2023-04-25 16:21:36,437 - INFO - Se muestra el home
2023-04-25 16:21:36,437 - INFO - Se muestra el home
2023-04-25 16:23:13,161 - INFO - Se muestra la parte de productos
2023-04-25 16:23:13,161 - INFO - Se muestra la parte de productos
2023-04-25 16:23:19,192 - INFO - Se muestran detalles de productos
2023-04-25 16:23:19,192 - INFO - Se muestran detalles de productos
2023-04-25 16:23:35,788 - INFO - Se muestra información sobre nosotros
2023-04-25 16:23:35,788 - INFO - Se muestra información sobre nosotros
2023-04-25 16:23:37,523 - INFO - Se muestra la parte de productos
2023-04-25 16:23:37,523 - INFO - Se muestra la parte de productos
2023-04-25 16:23:40,596 - INFO - Se muestran detalles de productos
2023-04-25 16:23:40,596 - INFO - Se muestran detalles de productos
2023-04-25 16:24:06,807 - INFO - Se muestra el dashboard: Mauricio
2023-04-25 16:24:06,807 - INFO - Se muestra el dashboard: Mauricio
2023-04-25 16:24:10,997 - INFO - Se muestran las recetas activas: Mauricio
2023-04-25 16:24:10,997 - INFO - Se muestran las recetas activas: Mauricio
2023-04-25 16:25:47,851 - INFO - Se inserta receta correctamente: Mauricio
2023-04-25 16:25:47,851 - INFO - Se inserta receta correctamente: Mauricio
2023-04-25 16:25:47,898 - INFO - Se muestran las recetas activas: Mauricio
2023-04-25 16:25:47,898 - INFO - Se muestran las recetas activas: Mauricio
2023-04-25 16:25:47,962 - INFO - Se muestran las recetas activas: Mauricio
2023-04-25 16:25:47,962 - INFO - Se muestran las recetas activas: Mauricio
2023-04-25 16:26:06,127 - INFO - Se recargan los productos por receta: Mauricio
2023-04-25 16:26:06,127 - INFO - Se recargan los productos por receta: Mauricio
2023-04-25 16:26:06,137 - INFO - Se muestran las recetas activas: Mauricio
2023-04-25 16:26:06,137 - INFO - Se muestran las recetas activas: Mauricio
2023-04-25 16:28:34,339 - INFO - Se recargan los productos por receta: Mauricio
2023-04-25 16:28:34,339 - INFO - Se recargan los productos por receta: Mauricio
2023-04-25 16:28:34,350 - INFO - Se muestran las recetas activas: Mauricio
2023-04-25 16:28:34,350 - INFO - Se muestran las recetas activas: Mauricio
2023-04-25 16:29:53,187 - INFO - Se recargan los productos por receta: Mauricio
2023-04-25 16:29:53,187 - INFO - Se recargan los productos por receta: Mauricio
2023-04-25 16:29:53,210 - INFO - Se muestran las recetas activas: Mauricio
2023-04-25 16:29:53,210 - INFO - Se muestran las recetas activas: Mauricio
2023-04-25 16:30:15,825 - INFO - Se muestran los productos activos: Mauricio
2023-04-25 16:30:15,825 - INFO - Se muestran los productos activos: Mauricio
2023-04-25 16:35:22,595 - INFO - Se muestran las recetas activas: Mauricio
2023-04-25 16:35:22,595 - INFO - Se muestran las recetas activas: Mauricio
2023-04-25 16:35:24,310 - INFO - Se muestran los proveedores activos: Mauricio
2023-04-25 16:35:24,310 - INFO - Se muestran los proveedores activos: Mauricio
2023-04-25 16:35:27,571 - INFO - Se muestran las ordenes de compra: Mauricio
2023-04-25 16:35:27,571 - INFO - Se muestran las ordenes de compra: Mauricio
2023-04-25 16:35:31,360 - INFO - Listado de materia prima por proveedor: Mauricio
2023-04-25 16:35:31,360 - INFO - Listado de materia prima por proveedor: Mauricio
2023-04-25 16:35:31,360 - INFO - Listado de materia prima por proveedor: Mauricio
2023-04-25 16:35:31,360 - INFO - Listado de materia prima por proveedor: Mauricio
2023-04-25 16:35:31,360 - INFO - Listado de materia prima por proveedor: Mauricio
2023-04-25 16:35:31,360 - INFO - Listado de materia prima por proveedor: Mauricio
2023-04-25 16:36:39,674 - INFO - Se inserta una orden de compra correctamente: Mauricio
2023-04-25 16:36:39,674 - INFO - Se inserta una orden de compra correctamente: Mauricio
2023-04-25 16:36:39,748 - INFO - Se muestran las ordenes de compra: Mauricio
2023-04-25 16:36:39,748 - INFO - Se muestran las ordenes de compra: Mauricio
2023-04-25 16:36:39,816 - INFO - Se muestran las ordenes de compra: Mauricio
2023-04-25 16:36:39,816 - INFO - Se muestran las ordenes de compra: Mauricio
2023-04-25 16:37:07,978 - INFO - Se modifica la orden de compra correctamente: Mauricio
2023-04-25 16:37:07,978 - INFO - Se modifica la orden de compra correctamente: Mauricio
2023-04-25 16:37:08,055 - INFO - Se muestran las ordenes de compra: Mauricio
2023-04-25 16:37:08,055 - INFO - Se muestran las ordenes de compra: Mauricio
2023-04-25 16:37:11,163 - INFO - Se modifica la orden de compra correctamente: Mauricio
2023-04-25 16:37:11,163 - INFO - Se modifica la orden de compra correctamente: Mauricio
2023-04-25 16:37:11,239 - INFO - Se muestran las ordenes de compra: Mauricio
2023-04-25 16:37:11,239 - INFO - Se muestran las ordenes de compra: Mauricio
2023-04-25 16:38:55,872 - INFO - Listado de materia prima para: Mauricio
2023-04-25 16:38:55,872 - INFO - Listado de materia prima para: Mauricio
2023-04-25 16:39:55,010 - INFO - Se inserto correctamente la materia prima: Mauricio
2023-04-25 16:39:55,010 - INFO - Se inserto correctamente la materia prima: Mauricio
2023-04-25 16:39:55,048 - INFO - Listado de materia prima para: Mauricio
2023-04-25 16:39:55,048 - INFO - Listado de materia prima para: Mauricio
2023-04-25 16:41:10,458 - INFO - Se inserto correctamente la materia prima: Mauricio
2023-04-25 16:41:10,458 - INFO - Se inserto correctamente la materia prima: Mauricio
2023-04-25 16:41:10,491 - INFO - Listado de materia prima para: Mauricio
2023-04-25 16:41:10,491 - INFO - Listado de materia prima para: Mauricio
2023-04-25 16:41:27,209 - INFO - Se muestran los proveedores activos: Mauricio
2023-04-25 16:41:27,209 - INFO - Se muestran los proveedores activos: Mauricio
2023-04-25 16:41:28,285 - INFO - Se muestran las ordenes de compra: Mauricio
2023-04-25 16:41:28,285 - INFO - Se muestran las ordenes de compra: Mauricio
2023-04-25 16:41:34,045 - INFO - Listado de materia prima para: Mauricio
2023-04-25 16:41:34,045 - INFO - Listado de materia prima para: Mauricio
2023-04-25 16:41:34,887 - INFO - Se muestran los productos activos: Mauricio
2023-04-25 16:41:34,887 - INFO - Se muestran los productos activos: Mauricio
2023-04-25 16:41:35,930 - INFO - Se muestran los proveedores activos: Mauricio
2023-04-25 16:41:35,930 - INFO - Se muestran los proveedores activos: Mauricio
2023-04-25 16:41:36,493 - INFO - Se muestran los productos activos: Mauricio
2023-04-25 16:41:36,493 - INFO - Se muestran los productos activos: Mauricio
2023-04-25 16:41:42,522 - INFO - Salio del sistema
2023-04-25 16:41:42,522 - INFO - Salio del sistema
2023-04-25 16:41:42,530 - INFO - Se muestra el home
2023-04-25 16:41:42,530 - INFO - Se muestra el home
2023-04-25 16:41:45,434 - INFO - Se muestra la parte de productos
2023-04-25 16:41:45,434 - INFO - Se muestra la parte de productos
2023-04-25 16:41:51,465 - INFO - Se muestran detalles de productos
2023-04-25 16:41:51,465 - INFO - Se muestran detalles de productos
2023-04-25 16:43:46,924 - INFO - Se muestran detalles de productos
2023-04-25 16:43:46,924 - INFO - Se muestran detalles de productos
2023-04-25 16:43:50,175 - INFO - Se muestra el home
2023-04-25 16:43:50,175 - INFO - Se muestra el home
2023-04-25 16:44:23,111 - INFO - Se muestra el home
2023-04-25 16:44:23,111 - INFO - Se muestra el home
2023-04-25 17:18:16,822 - INFO - Se muestra el home
2023-04-25 17:18:16,822 - INFO - Se muestra el home
2023-04-25 17:35:31,872 - INFO - Arranque del sistema
2023-04-25 17:37:27,278 - INFO - Se muestra la parte de productos
2023-04-25 17:37:27,278 - INFO - Se muestra la parte de productos
2023-04-25 17:37:37,987 - INFO - Se muestra el home
2023-04-25 17:37:37,987 - INFO - Se muestra el home
2023-04-25 17:37:44,149 - INFO - Se muestra el dashboard: Mauricio
2023-04-25 17:37:44,149 - INFO - Se muestra el dashboard: Mauricio
2023-04-25 17:37:49,438 - INFO - Listado de materia prima para: Mauricio
2023-04-25 17:37:49,438 - INFO - Listado de materia prima para: Mauricio
2023-04-25 17:37:55,697 - INFO - Se muestran las recetas activas: Mauricio
2023-04-25 17:37:55,697 - INFO - Se muestran las recetas activas: Mauricio
2023-04-25 17:39:04,718 - INFO - Se inserta receta correctamente: Mauricio
2023-04-25 17:39:04,718 - INFO - Se inserta receta correctamente: Mauricio
2023-04-25 17:39:04,745 - INFO - Se muestran las recetas activas: Mauricio
2023-04-25 17:39:04,745 - INFO - Se muestran las recetas activas: Mauricio
2023-04-25 17:39:04,802 - INFO - Se muestran las recetas activas: Mauricio
2023-04-25 17:39:04,802 - INFO - Se muestran las recetas activas: Mauricio
2023-04-25 17:39:48,655 - INFO - Se recargan los productos por receta: Mauricio
2023-04-25 17:39:48,655 - INFO - Se recargan los productos por receta: Mauricio
2023-04-25 17:39:48,665 - INFO - Se muestran las recetas activas: Mauricio
2023-04-25 17:39:48,665 - INFO - Se muestran las recetas activas: Mauricio
2023-04-25 17:40:39,641 - INFO - Salio del sistema
2023-04-25 17:40:39,641 - INFO - Salio del sistema
2023-04-25 17:40:39,648 - INFO - Se muestra el home
2023-04-25 17:40:39,648 - INFO - Se muestra el home
2023-04-25 17:40:53,045 - INFO - Se ingreso al sistema como cliente: Test
2023-04-25 17:40:53,045 - INFO - Se ingreso al sistema como cliente: Test
2023-04-25 17:40:53,052 - INFO - Se muestra el home
2023-04-25 17:40:53,052 - INFO - Se muestra el home
2023-04-25 17:40:55,340 - INFO - Se muestra la parte de productos
2023-04-25 17:40:55,340 - INFO - Se muestra la parte de productos
2023-04-25 17:40:59,687 - INFO - Se muestran detalles de productos
2023-04-25 17:40:59,687 - INFO - Se muestran detalles de productos
2023-04-25 17:41:03,545 - INFO - Se modifica el carrito de productos
2023-04-25 17:41:03,545 - INFO - Se modifica el carrito de productos
2023-04-25 17:41:03,565 - INFO - Se muestra el carro de productos
2023-04-25 17:41:03,565 - INFO - Se muestra el carro de productos
2023-04-25 17:41:15,348 - INFO - Se muestra detalladamente el carrito de producto para la compra
2023-04-25 17:41:15,348 - INFO - Se muestra detalladamente el carrito de producto para la compra
2023-04-25 17:43:01,800 - INFO - Se muestra el home
2023-04-25 17:43:01,800 - INFO - Se muestra el home
2023-04-25 17:43:04,308 - INFO - Salio del sistema
2023-04-25 17:43:04,308 - INFO - Salio del sistema
2023-04-25 17:43:04,320 - INFO - Se muestra el home
2023-04-25 17:43:04,320 - INFO - Se muestra el home
2023-04-25 17:43:15,203 - INFO - Se muestra el dashboard: Mauricio
2023-04-25 17:43:15,203 - INFO - Se muestra el dashboard: Mauricio
2023-04-25 17:43:19,428 - INFO - Se muestran las ordenes de compra: Mauricio
2023-04-25 17:43:19,428 - INFO - Se muestran las ordenes de compra: Mauricio
2023-04-25 17:43:21,891 - INFO - Se muestra las ordenes de venta: Mauricio
2023-04-25 17:43:21,891 - INFO - Se muestra las ordenes de venta: Mauricio
2023-04-25 17:43:47,611 - INFO - Se muestran los detalles de la orden de venta: Mauricio
2023-04-25 17:43:47,611 - INFO - Se muestran los detalles de la orden de venta: Mauricio
2023-04-25 17:43:57,800 - INFO - Se muestra las ordenes de venta: Mauricio
2023-04-25 17:43:57,800 - INFO - Se muestra las ordenes de venta: Mauricio
2023-04-25 17:44:06,215 - INFO - Se modifica orden de venta correctamente: Mauricio
2023-04-25 17:44:06,215 - INFO - Se modifica orden de venta correctamente: Mauricio
2023-04-25 17:44:06,329 - INFO - Se muestra las ordenes de venta: Mauricio
2023-04-25 17:44:06,329 - INFO - Se muestra las ordenes de venta: Mauricio
2023-04-25 17:44:47,001 - INFO - Se modifica orden de venta correctamente: Mauricio
2023-04-25 17:44:47,001 - INFO - Se modifica orden de venta correctamente: Mauricio
2023-04-25 17:44:47,083 - INFO - Se muestra las ordenes de venta: Mauricio
2023-04-25 17:44:47,083 - INFO - Se muestra las ordenes de venta: Mauricio
2023-04-25 17:44:59,424 - INFO - Se modifica orden de venta correctamente: Mauricio
2023-04-25 17:44:59,424 - INFO - Se modifica orden de venta correctamente: Mauricio
2023-04-25 17:44:59,462 - INFO - Se muestra las ordenes de venta: Mauricio
2023-04-25 17:44:59,462 - INFO - Se muestra las ordenes de venta: Mauricio
2023-04-25 17:45:28,670 - INFO - Se modifica orden de venta correctamente: Mauricio
2023-04-25 17:45:28,670 - INFO - Se modifica orden de venta correctamente: Mauricio
2023-04-25 17:45:28,731 - INFO - Se muestra las ordenes de venta: Mauricio
2023-04-25 17:45:28,731 - INFO - Se muestra las ordenes de venta: Mauricio
2023-04-25 17:46:14,988 - INFO - Se muestran los productos activos: Mauricio
2023-04-25 17:46:14,988 - INFO - Se muestran los productos activos: Mauricio
2023-04-25 17:46:35,093 - INFO - Se muestran las ordenes de compra: Mauricio
2023-04-25 17:46:35,093 - INFO - Se muestran las ordenes de compra: Mauricio
2023-04-25 17:46:36,981 - INFO - Se muestra las ordenes de venta: Mauricio
2023-04-25 17:46:36,981 - INFO - Se muestra las ordenes de venta: Mauricio
2023-04-25 17:46:42,338 - INFO - Se muestran los detalles de la orden de venta: Mauricio
2023-04-25 17:46:42,338 - INFO - Se muestran los detalles de la orden de venta: Mauricio
2023-04-25 17:46:44,673 - INFO - Se muestra las ordenes de venta: Mauricio
2023-04-25 17:46:44,673 - INFO - Se muestra las ordenes de venta: Mauricio
2023-04-25 17:46:46,254 - INFO - Salio del sistema
2023-04-25 17:46:46,254 - INFO - Salio del sistema
2023-04-25 17:46:46,265 - INFO - Se muestra el home
2023-04-25 17:46:46,265 - INFO - Se muestra el home
2023-04-25 17:46:51,616 - INFO - Se ingreso al sistema como cliente: Test
2023-04-25 17:46:51,616 - INFO - Se ingreso al sistema como cliente: Test
2023-04-25 17:46:51,624 - INFO - Se muestra el home
2023-04-25 17:46:51,624 - INFO - Se muestra el home
2023-04-25 17:46:57,453 - INFO - Se muestran las ordenes
2023-04-25 17:46:57,453 - INFO - Se muestran las ordenes
2023-04-25 17:49:43,201 - INFO - Se muestra el home
2023-04-25 17:49:43,201 - INFO - Se muestra el home
2023-04-25 17:49:45,889 - INFO - Salio del sistema
2023-04-25 17:49:45,889 - INFO - Salio del sistema
2023-04-25 17:49:45,901 - INFO - Se muestra el home
2023-04-25 17:49:45,901 - INFO - Se muestra el home
2023-04-25 17:51:48,372 - INFO - Se muestra el dashboard: Mauricio
2023-04-25 17:51:48,372 - INFO - Se muestra el dashboard: Mauricio
2023-04-25 17:52:06,700 - INFO - Se muestran las recetas activas: Mauricio
2023-04-25 17:52:06,700 - INFO - Se muestran las recetas activas: Mauricio
2023-04-25 17:52:12,512 - INFO - Se recargan los productos por receta: Mauricio
2023-04-25 17:52:12,512 - INFO - Se recargan los productos por receta: Mauricio
2023-04-25 17:52:12,520 - INFO - Se muestran las recetas activas: Mauricio
2023-04-25 17:52:12,520 - INFO - Se muestran las recetas activas: Mauricio
2023-04-25 17:52:18,570 - INFO - Se muestran los productos activos: Mauricio
2023-04-25 17:52:18,570 - INFO - Se muestran los productos activos: Mauricio
2023-04-25 17:56:55,183 - INFO - Salio del sistema
2023-04-25 17:56:55,183 - INFO - Salio del sistema
2023-04-25 17:56:55,192 - INFO - Se muestra el home
2023-04-25 17:56:55,192 - INFO - Se muestra el home
2023-04-25 17:57:01,753 - INFO - Se ingreso al sistema como cliente: Test
2023-04-25 17:57:01,753 - INFO - Se ingreso al sistema como cliente: Test
2023-04-25 17:57:01,763 - INFO - Se muestra el home
2023-04-25 17:57:01,763 - INFO - Se muestra el home
2023-04-25 17:57:03,171 - INFO - Se muestra la parte de productos
2023-04-25 17:57:03,171 - INFO - Se muestra la parte de productos
2023-04-25 17:57:04,870 - INFO - Se muestran detalles de productos
2023-04-25 17:57:04,870 - INFO - Se muestran detalles de productos
2023-04-25 17:57:12,908 - INFO - Se modifica el carrito de productos
2023-04-25 17:57:12,908 - INFO - Se modifica el carrito de productos
2023-04-25 17:57:12,928 - INFO - Se muestra el carro de productos
2023-04-25 17:57:12,928 - INFO - Se muestra el carro de productos
2023-04-25 18:00:48,984 - INFO - Se elimina del carrito de productos
2023-04-25 18:00:48,984 - INFO - Se elimina del carrito de productos
2023-04-25 18:00:49,016 - INFO - Se muestra el home
2023-04-25 18:00:49,016 - INFO - Se muestra el home
2023-04-25 18:00:51,252 - INFO - Se muestra la parte de productos
2023-04-25 18:00:51,252 - INFO - Se muestra la parte de productos
2023-04-25 18:00:52,376 - INFO - Se muestran detalles de productos
2023-04-25 18:00:52,376 - INFO - Se muestran detalles de productos
2023-04-25 18:00:55,498 - INFO - Se modifica el carrito de productos
2023-04-25 18:00:55,498 - INFO - Se modifica el carrito de productos
2023-04-25 18:00:55,511 - INFO - Se muestra el carro de productos
2023-04-25 18:00:55,511 - INFO - Se muestra el carro de productos
2023-04-25 18:00:57,047 - INFO - Se modifica el carrito de productos
2023-04-25 18:00:57,047 - INFO - Se modifica el carrito de productos
2023-04-25 18:00:57,062 - INFO - Se muestra el carro de productos
2023-04-25 18:00:57,062 - INFO - Se muestra el carro de productos
2023-04-25 18:00:58,038 - INFO - Se modifica el carrito de productos
2023-04-25 18:00:58,038 - INFO - Se modifica el carrito de productos
2023-04-25 18:00:58,053 - INFO - Se muestra el carro de productos
2023-04-25 18:00:58,053 - INFO - Se muestra el carro de productos
2023-04-25 18:00:58,663 - INFO - Se modifica el carrito de productos
2023-04-25 18:00:58,663 - INFO - Se modifica el carrito de productos
2023-04-25 18:00:58,676 - INFO - Se muestra el carro de productos
2023-04-25 18:00:58,676 - INFO - Se muestra el carro de productos
2023-04-25 18:00:59,480 - INFO - Se modifica el carrito de productos
2023-04-25 18:00:59,480 - INFO - Se modifica el carrito de productos
2023-04-25 18:00:59,493 - INFO - Se muestra el carro de productos
2023-04-25 18:00:59,493 - INFO - Se muestra el carro de productos
2023-04-25 18:01:00,111 - INFO - Se modifica el carrito de productos
2023-04-25 18:01:00,111 - INFO - Se modifica el carrito de productos
2023-04-25 18:01:00,125 - INFO - Se muestra el carro de productos
2023-04-25 18:01:00,125 - INFO - Se muestra el carro de productos
2023-04-25 18:01:01,111 - INFO - Se modifica el carrito de productos
2023-04-25 18:01:01,111 - INFO - Se modifica el carrito de productos
2023-04-25 18:01:01,130 - INFO - Se muestra el carro de productos
2023-04-25 18:01:01,130 - INFO - Se muestra el carro de productos
2023-04-25 18:01:01,584 - INFO - Se modifica el carrito de productos
2023-04-25 18:01:01,584 - INFO - Se modifica el carrito de productos
2023-04-25 18:01:01,594 - INFO - Se muestra el carro de productos
2023-04-25 18:01:01,594 - INFO - Se muestra el carro de productos
2023-04-25 18:01:02,178 - INFO - Se modifica el carrito de productos
2023-04-25 18:01:02,178 - INFO - Se modifica el carrito de productos
2023-04-25 18:01:02,191 - INFO - Se muestra el carro de productos
2023-04-25 18:01:02,191 - INFO - Se muestra el carro de productos
2023-04-25 18:01:02,574 - INFO - Se modifica el carrito de productos
2023-04-25 18:01:02,574 - INFO - Se modifica el carrito de productos
2023-04-25 18:01:02,582 - INFO - Se muestra el carro de productos
2023-04-25 18:01:02,582 - INFO - Se muestra el carro de productos
2023-04-25 18:01:03,195 - INFO - Se modifica el carrito de productos
2023-04-25 18:01:03,195 - INFO - Se modifica el carrito de productos
2023-04-25 18:01:03,215 - INFO - Se muestra el carro de productos
2023-04-25 18:01:03,215 - INFO - Se muestra el carro de productos
2023-04-25 18:01:05,232 - INFO - Se elimina del carrito de productos
2023-04-25 18:01:05,232 - INFO - Se elimina del carrito de productos
2023-04-25 18:01:05,262 - INFO - Se muestra el home
2023-04-25 18:01:05,262 - INFO - Se muestra el home
2023-04-25 18:01:07,136 - INFO - Se muestra la parte de productos
2023-04-25 18:01:07,136 - INFO - Se muestra la parte de productos
2023-04-25 18:01:12,414 - INFO - Se muestran detalles de productos
2023-04-25 18:01:12,414 - INFO - Se muestran detalles de productos
2023-04-25 18:01:15,347 - INFO - Se modifica el carrito de productos
2023-04-25 18:01:15,347 - INFO - Se modifica el carrito de productos
2023-04-25 18:01:15,361 - INFO - Se muestra el carro de productos
2023-04-25 18:01:15,361 - INFO - Se muestra el carro de productos
2023-04-25 18:01:17,042 - INFO - Se modifica el carrito de productos
2023-04-25 18:01:17,042 - INFO - Se modifica el carrito de productos
2023-04-25 18:01:17,060 - INFO - Se muestra el carro de productos
2023-04-25 18:01:17,060 - INFO - Se muestra el carro de productos
2023-04-25 18:01:17,805 - INFO - Se modifica el carrito de productos
2023-04-25 18:01:17,805 - INFO - Se modifica el carrito de productos
2023-04-25 18:01:17,824 - INFO - Se muestra el carro de productos
2023-04-25 18:01:17,824 - INFO - Se muestra el carro de productos
2023-04-25 18:01:18,212 - INFO - Se modifica el carrito de productos
2023-04-25 18:01:18,212 - INFO - Se modifica el carrito de productos
2023-04-25 18:01:18,222 - INFO - Se muestra el carro de productos
2023-04-25 18:01:18,222 - INFO - Se muestra el carro de productos
2023-04-25 18:01:18,550 - INFO - Se modifica el carrito de productos
2023-04-25 18:01:18,550 - INFO - Se modifica el carrito de productos
2023-04-25 18:01:18,561 - INFO - Se muestra el carro de productos
2023-04-25 18:01:18,561 - INFO - Se muestra el carro de productos
2023-04-25 18:01:19,419 - INFO - Se modifica el carrito de productos
2023-04-25 18:01:19,419 - INFO - Se modifica el carrito de productos
2023-04-25 18:01:19,438 - INFO - Se muestra el carro de productos
2023-04-25 18:01:19,438 - INFO - Se muestra el carro de productos
2023-04-25 18:01:19,781 - INFO - Se modifica el carrito de productos
2023-04-25 18:01:19,781 - INFO - Se modifica el carrito de productos
2023-04-25 18:01:19,792 - INFO - Se muestra el carro de productos
2023-04-25 18:01:19,792 - INFO - Se muestra el carro de productos
2023-04-25 18:01:20,074 - INFO - Se modifica el carrito de productos
2023-04-25 18:01:20,074 - INFO - Se modifica el carrito de productos
2023-04-25 18:01:20,082 - INFO - Se muestra el carro de productos
2023-04-25 18:01:20,082 - INFO - Se muestra el carro de productos
2023-04-25 18:01:20,478 - INFO - Se modifica el carrito de productos
2023-04-25 18:01:20,478 - INFO - Se modifica el carrito de productos
2023-04-25 18:01:20,491 - INFO - Se muestra el carro de productos
2023-04-25 18:01:20,491 - INFO - Se muestra el carro de productos
2023-04-25 18:01:20,943 - INFO - Se modifica el carrito de productos
2023-04-25 18:01:20,943 - INFO - Se modifica el carrito de productos
2023-04-25 18:01:20,958 - INFO - Se muestra el home
2023-04-25 18:01:20,958 - INFO - Se muestra el home
2023-04-25 18:01:22,532 - INFO - Se muestra la parte de productos
2023-04-25 18:01:22,532 - INFO - Se muestra la parte de productos
2023-04-25 18:01:23,435 - INFO - Se muestran detalles de productos
2023-04-25 18:01:23,435 - INFO - Se muestran detalles de productos
2023-04-25 18:01:26,421 - INFO - Se modifica el carrito de productos
2023-04-25 18:01:26,421 - INFO - Se modifica el carrito de productos
2023-04-25 18:01:26,432 - INFO - Se muestra el carro de productos
2023-04-25 18:01:26,432 - INFO - Se muestra el carro de productos
2023-04-25 18:01:46,311 - INFO - Arranque del sistema
2023-04-25 18:01:51,921 - INFO - Se muestra el home
2023-04-25 18:01:51,921 - INFO - Se muestra el home
2023-04-25 18:01:59,027 - INFO - Se ingreso al sistema como cliente: Test
2023-04-25 18:01:59,027 - INFO - Se ingreso al sistema como cliente: Test
2023-04-25 18:01:59,035 - INFO - Se muestra el home
2023-04-25 18:01:59,035 - INFO - Se muestra el home
2023-04-25 18:02:00,872 - INFO - Se muestra la parte de productos
2023-04-25 18:02:00,872 - INFO - Se muestra la parte de productos
2023-04-25 18:02:02,199 - INFO - Se muestran detalles de productos
2023-04-25 18:02:02,199 - INFO - Se muestran detalles de productos
2023-04-25 18:02:04,778 - INFO - Se modifica el carrito de productos
2023-04-25 18:02:04,778 - INFO - Se modifica el carrito de productos
2023-04-25 18:02:04,792 - INFO - Se muestra el carro de productos
2023-04-25 18:02:04,792 - INFO - Se muestra el carro de productos
2023-04-25 18:02:05,841 - INFO - Se modifica el carrito de productos
2023-04-25 18:02:05,841 - INFO - Se modifica el carrito de productos
2023-04-25 18:02:05,856 - INFO - Se muestra el carro de productos
2023-04-25 18:02:05,856 - INFO - Se muestra el carro de productos
2023-04-25 18:02:06,738 - INFO - Se modifica el carrito de productos
2023-04-25 18:02:06,738 - INFO - Se modifica el carrito de productos
2023-04-25 18:02:06,759 - INFO - Se muestra el carro de productos
2023-04-25 18:02:06,759 - INFO - Se muestra el carro de productos
2023-04-25 18:02:07,401 - INFO - Se modifica el carrito de productos
2023-04-25 18:02:07,401 - INFO - Se modifica el carrito de productos
2023-04-25 18:02:07,419 - INFO - Se muestra el carro de productos
2023-04-25 18:02:07,419 - INFO - Se muestra el carro de productos
2023-04-25 18:02:07,797 - INFO - Se modifica el carrito de productos
2023-04-25 18:02:07,797 - INFO - Se modifica el carrito de productos
2023-04-25 18:02:07,806 - INFO - Se muestra el carro de productos
2023-04-25 18:02:07,806 - INFO - Se muestra el carro de productos
2023-04-25 18:02:08,149 - INFO - Se modifica el carrito de productos
2023-04-25 18:02:08,149 - INFO - Se modifica el carrito de productos
2023-04-25 18:02:08,159 - INFO - Se muestra el carro de productos
2023-04-25 18:02:08,159 - INFO - Se muestra el carro de productos
2023-04-25 18:02:08,962 - INFO - Se modifica el carrito de productos
2023-04-25 18:02:08,962 - INFO - Se modifica el carrito de productos
2023-04-25 18:02:08,973 - INFO - Se muestra el carro de productos
2023-04-25 18:02:08,973 - INFO - Se muestra el carro de productos
2023-04-25 18:02:09,274 - INFO - Se modifica el carrito de productos
2023-04-25 18:02:09,274 - INFO - Se modifica el carrito de productos
2023-04-25 18:02:09,282 - INFO - Se muestra el carro de productos
2023-04-25 18:02:09,282 - INFO - Se muestra el carro de productos
2023-04-25 18:02:09,633 - INFO - Se modifica el carrito de productos
2023-04-25 18:02:09,633 - INFO - Se modifica el carrito de productos
2023-04-25 18:02:09,644 - INFO - Se muestra el carro de productos
2023-04-25 18:02:09,644 - INFO - Se muestra el carro de productos
2023-04-25 18:02:10,012 - INFO - Se modifica el carrito de productos
2023-04-25 18:02:10,012 - INFO - Se modifica el carrito de productos
2023-04-25 18:02:10,021 - INFO - Se muestra el carro de productos
2023-04-25 18:02:10,021 - INFO - Se muestra el carro de productos
2023-04-25 18:02:11,051 - INFO - Se elimina del carrito de productos
2023-04-25 18:02:11,051 - INFO - Se elimina del carrito de productos
2023-04-25 18:02:11,108 - INFO - Se muestra el home
2023-04-25 18:02:11,108 - INFO - Se muestra el home
2023-04-25 18:02:18,213 - INFO - Se muestra la parte de productos
2023-04-25 18:02:18,213 - INFO - Se muestra la parte de productos
2023-04-25 18:02:19,513 - INFO - Se muestran detalles de productos
2023-04-25 18:02:19,513 - INFO - Se muestran detalles de productos
2023-04-25 18:02:23,001 - INFO - Se modifica el carrito de productos
2023-04-25 18:02:23,001 - INFO - Se modifica el carrito de productos
2023-04-25 18:02:23,014 - INFO - Se muestra el carro de productos
2023-04-25 18:02:23,014 - INFO - Se muestra el carro de productos
2023-04-25 18:02:24,457 - INFO - Se modifica el carrito de productos
2023-04-25 18:02:24,457 - INFO - Se modifica el carrito de productos
2023-04-25 18:02:24,475 - INFO - Se muestra el carro de productos
2023-04-25 18:02:24,475 - INFO - Se muestra el carro de productos
2023-04-25 18:02:25,956 - INFO - Se modifica el carrito de productos
2023-04-25 18:02:25,956 - INFO - Se modifica el carrito de productos
2023-04-25 18:02:25,978 - INFO - Se muestra el carro de productos
2023-04-25 18:02:25,978 - INFO - Se muestra el carro de productos
2023-04-25 18:02:27,529 - INFO - Se muestra detalladamente el carrito de producto para la compra
2023-04-25 18:02:27,529 - INFO - Se muestra detalladamente el carrito de producto para la compra
2023-04-25 18:02:41,796 - INFO - Se muestra el home
2023-04-25 18:02:41,796 - INFO - Se muestra el home
2023-04-25 18:02:43,552 - INFO - Salio del sistema
2023-04-25 18:02:43,552 - INFO - Salio del sistema
2023-04-25 18:02:43,564 - INFO - Se muestra el home
2023-04-25 18:02:43,564 - INFO - Se muestra el home
2023-04-25 18:02:50,127 - INFO - Se muestra el dashboard: Mauricio
2023-04-25 18:02:50,127 - INFO - Se muestra el dashboard: Mauricio
2023-04-25 18:03:00,003 - INFO - Se muestran las ordenes de compra: Mauricio
2023-04-25 18:03:00,003 - INFO - Se muestran las ordenes de compra: Mauricio
2023-04-25 18:03:01,474 - INFO - Se muestra las ordenes de venta: Mauricio
2023-04-25 18:03:01,474 - INFO - Se muestra las ordenes de venta: Mauricio
2023-04-25 18:03:09,308 - INFO - Se muestran los detalles de la orden de venta: Mauricio
2023-04-25 18:03:09,308 - INFO - Se muestran los detalles de la orden de venta: Mauricio
2023-04-25 18:03:13,954 - INFO - Se muestra las ordenes de venta: Mauricio
2023-04-25 18:03:13,954 - INFO - Se muestra las ordenes de venta: Mauricio
2023-04-25 18:03:16,718 - INFO - Se modifica orden de venta correctamente: Mauricio
2023-04-25 18:03:16,718 - INFO - Se modifica orden de venta correctamente: Mauricio
2023-04-25 18:03:16,766 - INFO - Se muestra las ordenes de venta: Mauricio
2023-04-25 18:03:16,766 - INFO - Se muestra las ordenes de venta: Mauricio
2023-04-25 18:03:20,955 - INFO - Se modifica orden de venta correctamente: Mauricio
2023-04-25 18:03:20,955 - INFO - Se modifica orden de venta correctamente: Mauricio
2023-04-25 18:03:20,984 - INFO - Se muestra las ordenes de venta: Mauricio
2023-04-25 18:03:20,984 - INFO - Se muestra las ordenes de venta: Mauricio
2023-04-25 18:03:32,578 - INFO - Se modifica orden de venta correctamente: Mauricio
2023-04-25 18:03:32,578 - INFO - Se modifica orden de venta correctamente: Mauricio
2023-04-25 18:03:32,666 - INFO - Se muestra las ordenes de venta: Mauricio
2023-04-25 18:03:32,666 - INFO - Se muestra las ordenes de venta: Mauricio
2023-04-28 15:42:17,399 - INFO - Arranque del sistema
